2024-02-26T10:48:12,841 INFO  org.hibernate.validator.internal.util.Version - HV000001: Hibernate Validator 8.0.1.Final
2024-02-26T10:48:12,914 INFO  com.gustavo.paymentservice.PaymentServiceApplication - Starting PaymentServiceApplication using Java 17.0.7 with PID 10495 (/home/gustavo/Documentos/Workspaces/ws-sts/Event-Management-Distributed-System/payment-service/target/classes started by gustavo in /home/gustavo/Documentos/Workspaces/ws-sts/Event-Management-Distributed-System/payment-service)
2024-02-26T10:48:12,917 DEBUG com.gustavo.paymentservice.PaymentServiceApplication - Running with Spring Boot v3.1.7, Spring v6.0.15
2024-02-26T10:48:12,919 INFO  com.gustavo.paymentservice.PaymentServiceApplication - No active profile set, falling back to 1 default profile: "default"
2024-02-26T10:48:12,981 INFO  org.springframework.cloud.config.client.ConfigServerConfigDataLoader - Fetching config from server at : http://localhost:8888/
2024-02-26T10:48:12,982 INFO  org.springframework.cloud.config.client.ConfigServerConfigDataLoader - Located environment: name=payment-service, profiles=[default], label=null, version=null, state=null
2024-02-26T10:48:14,851 INFO  org.springframework.data.repository.config.RepositoryConfigurationDelegate - Bootstrapping Spring Data JPA repositories in DEFAULT mode.
2024-02-26T10:48:15,038 INFO  org.springframework.data.repository.config.RepositoryConfigurationDelegate - Finished Spring Data repository scanning in 177 ms. Found 1 JPA repository interface.
2024-02-26T10:48:15,415 INFO  org.springframework.cloud.context.scope.GenericScope - BeanFactory id=efaed35d-5f3b-3f50-9214-7f2bfabd9ff6
2024-02-26T10:48:15,967 INFO  org.springframework.boot.web.embedded.tomcat.TomcatWebServer - Tomcat initialized with port(s): 8300 (http)
2024-02-26T10:48:15,980 INFO  org.apache.coyote.http11.Http11NioProtocol - Initializing ProtocolHandler ["http-nio-8300"]
2024-02-26T10:48:15,983 INFO  org.apache.catalina.core.StandardService - Starting service [Tomcat]
2024-02-26T10:48:15,983 INFO  org.apache.catalina.core.StandardEngine - Starting Servlet engine: [Apache Tomcat/10.1.17]
2024-02-26T10:48:16,132 INFO  org.apache.catalina.core.ContainerBase.[Tomcat].[localhost].[/] - Initializing Spring embedded WebApplicationContext
2024-02-26T10:48:16,133 INFO  org.springframework.boot.web.servlet.context.ServletWebServerApplicationContext - Root WebApplicationContext: initialization completed in 3148 ms
2024-02-26T10:48:16,670 INFO  com.zaxxer.hikari.HikariDataSource - HikariPool-1 - Starting...
2024-02-26T10:48:17,041 INFO  com.zaxxer.hikari.pool.HikariPool - HikariPool-1 - Added connection conn0: url=jdbc:h2:mem:testdb user=SA
2024-02-26T10:48:17,043 INFO  com.zaxxer.hikari.HikariDataSource - HikariPool-1 - Start completed.
2024-02-26T10:48:17,067 INFO  org.springframework.boot.autoconfigure.h2.H2ConsoleAutoConfiguration - H2 console available at '/h2-console'. Database available at 'jdbc:h2:mem:testdb'
2024-02-26T10:48:17,409 INFO  org.hibernate.jpa.internal.util.LogHelper - HHH000204: Processing PersistenceUnitInfo [name: default]
2024-02-26T10:48:17,473 INFO  org.hibernate.Version - HHH000412: Hibernate ORM core version 6.2.17.Final
2024-02-26T10:48:17,477 INFO  org.hibernate.cfg.Environment - HHH000406: Using bytecode reflection optimizer
2024-02-26T10:48:17,794 INFO  org.springframework.orm.jpa.persistenceunit.SpringPersistenceUnitInfo - No LoadTimeWeaver setup: ignoring JPA class transformer
2024-02-26T10:48:17,853 WARN  org.hibernate.orm.deprecation - HHH90000025: H2Dialect does not need to be specified explicitly using 'hibernate.dialect' (remove the property setting and it will be selected by default)
2024-02-26T10:48:18,893 INFO  org.hibernate.engine.transaction.jta.platform.internal.JtaPlatformInitiator - HHH000489: No JTA platform available (set 'hibernate.transaction.jta.platform' to enable JTA platform integration)
2024-02-26T10:48:18,939 INFO  org.springframework.orm.jpa.LocalContainerEntityManagerFactoryBean - Initialized JPA EntityManagerFactory for persistence unit 'default'
2024-02-26T10:48:19,706 WARN  org.springframework.boot.autoconfigure.orm.jpa.JpaBaseConfiguration$JpaWebConfiguration - spring.jpa.open-in-view is enabled by default. Therefore, database queries may be performed during view rendering. Explicitly configure spring.jpa.open-in-view to disable this warning
2024-02-26T10:48:20,344 INFO  org.springframework.boot.actuate.endpoint.web.EndpointLinksResolver - Exposing 1 endpoint(s) beneath base path '/actuator'
2024-02-26T10:48:20,463 INFO  org.springframework.security.web.DefaultSecurityFilterChain - Will secure any request with [org.springframework.security.web.session.DisableEncodeUrlFilter@37e682da, org.springframework.security.web.context.request.async.WebAsyncManagerIntegrationFilter@3ace955c, org.springframework.security.web.context.SecurityContextHolderFilter@bba6542, org.springframework.security.web.header.HeaderWriterFilter@70d3e710, org.springframework.security.web.authentication.logout.LogoutFilter@40c31127, org.springframework.security.oauth2.server.resource.web.authentication.BearerTokenAuthenticationFilter@3f693a39, org.springframework.security.web.savedrequest.RequestCacheAwareFilter@7fd4682, org.springframework.security.web.servletapi.SecurityContextHolderAwareRequestFilter@48acb864, org.springframework.security.web.authentication.AnonymousAuthenticationFilter@4c00c8ce, org.springframework.security.web.session.SessionManagementFilter@7d6c4c43, org.springframework.security.web.access.ExceptionTranslationFilter@1bae8e5e, org.springframework.security.web.access.intercept.AuthorizationFilter@2927d781]
2024-02-26T10:48:21,055 INFO  org.springframework.cloud.netflix.eureka.config.DiscoveryClientOptionalArgsConfiguration - Eureka HTTP Client uses RestTemplate.
2024-02-26T10:48:21,141 WARN  org.springframework.cloud.loadbalancer.config.LoadBalancerCacheAutoConfiguration$LoadBalancerCaffeineWarnLogger - Spring Cloud LoadBalancer is currently working with the default cache. While this cache implementation is useful for development and tests, it's recommended to use Caffeine cache in production.You can switch to using Caffeine cache, by adding it and org.springframework.cache.caffeine.CaffeineCacheManager to the classpath.
2024-02-26T10:48:21,257 WARN  org.springframework.core.LocalVariableTableParameterNameDiscoverer - Using deprecated '-debug' fallback for parameter name resolution. Compile the affected code with '-parameters' instead or avoid its introspection: org.springframework.amqp.rabbit.core.RabbitAdmin
2024-02-26T10:48:21,347 INFO  org.springframework.cloud.netflix.eureka.InstanceInfoFactory - Setting initial instance status as: STARTING
2024-02-26T10:48:21,396 INFO  com.netflix.discovery.DiscoveryClient - Initializing Eureka in region us-east-1
2024-02-26T10:48:21,403 INFO  com.netflix.discovery.shared.resolver.aws.ConfigClusterResolver - Resolving eureka endpoints via configuration
2024-02-26T10:48:21,432 INFO  com.netflix.discovery.DiscoveryClient - Disable delta property : false
2024-02-26T10:48:21,432 INFO  com.netflix.discovery.DiscoveryClient - Single vip registry refresh property : null
2024-02-26T10:48:21,433 INFO  com.netflix.discovery.DiscoveryClient - Force full registry fetch : false
2024-02-26T10:48:21,433 INFO  com.netflix.discovery.DiscoveryClient - Application is null : false
2024-02-26T10:48:21,433 INFO  com.netflix.discovery.DiscoveryClient - Registered Applications size is zero : true
2024-02-26T10:48:21,433 INFO  com.netflix.discovery.DiscoveryClient - Application version is -1: true
2024-02-26T10:48:21,433 INFO  com.netflix.discovery.DiscoveryClient - Getting all instance registry info from the eureka server
2024-02-26T10:48:21,592 INFO  com.netflix.discovery.DiscoveryClient - The response status is 200
2024-02-26T10:48:21,596 INFO  com.netflix.discovery.DiscoveryClient - Starting heartbeat executor: renew interval is: 30
2024-02-26T10:48:21,601 INFO  com.netflix.discovery.InstanceInfoReplicator - InstanceInfoReplicator onDemand update allowed rate per min is 4
2024-02-26T10:48:21,606 INFO  com.netflix.discovery.DiscoveryClient - Discovery Client initialized at timestamp 1708944501606 with initial instances count: 2
2024-02-26T10:48:21,610 INFO  org.springframework.cloud.netflix.eureka.serviceregistry.EurekaServiceRegistry - Registering application PAYMENT-SERVICE with eureka with status UP
2024-02-26T10:48:21,611 INFO  com.netflix.discovery.DiscoveryClient - Saw local status change event StatusChangeEvent [timestamp=1708944501611, current=UP, previous=STARTING]
2024-02-26T10:48:21,613 INFO  com.netflix.discovery.DiscoveryClient - DiscoveryClient_PAYMENT-SERVICE/192.168.1.6:payment-service:8300: registering service...
2024-02-26T10:48:21,615 INFO  org.apache.coyote.http11.Http11NioProtocol - Starting ProtocolHandler ["http-nio-8300"]
2024-02-26T10:48:21,643 INFO  org.springframework.boot.web.embedded.tomcat.TomcatWebServer - Tomcat started on port(s): 8300 (http) with context path ''
2024-02-26T10:48:21,644 INFO  org.springframework.cloud.netflix.eureka.serviceregistry.EurekaAutoServiceRegistration - Updating port to 8300
2024-02-26T10:48:21,676 INFO  com.netflix.discovery.DiscoveryClient - DiscoveryClient_PAYMENT-SERVICE/192.168.1.6:payment-service:8300 - registration status: 204
2024-02-26T10:48:21,725 INFO  org.springframework.amqp.rabbit.connection.CachingConnectionFactory - Attempting to connect to: [localhost:5672]
2024-02-26T10:48:21,817 INFO  org.springframework.amqp.rabbit.connection.CachingConnectionFactory - Created new connection: rabbitConnectionFactory#4664fef:0/SimpleConnection@e700641 [delegate=amqp://user@127.0.0.1:5672/, localPort=50424]
2024-02-26T10:48:21,915 INFO  com.gustavo.paymentservice.PaymentServiceApplication - Started PaymentServiceApplication in 10.467 seconds (process running for 11.777)
2024-02-26T10:48:22,304 INFO  org.apache.catalina.core.ContainerBase.[Tomcat].[localhost].[/] - Initializing Spring DispatcherServlet 'dispatcherServlet'
2024-02-26T10:48:22,305 INFO  org.springframework.web.servlet.DispatcherServlet - Initializing Servlet 'dispatcherServlet'
2024-02-26T10:48:22,308 INFO  org.springframework.web.servlet.DispatcherServlet - Completed initialization in 3 ms
2024-02-26T10:53:21,436 INFO  com.netflix.discovery.shared.resolver.aws.ConfigClusterResolver - Resolving eureka endpoints via configuration
2024-02-26T10:58:21,437 INFO  com.netflix.discovery.shared.resolver.aws.ConfigClusterResolver - Resolving eureka endpoints via configuration
2024-02-26T11:03:21,437 INFO  com.netflix.discovery.shared.resolver.aws.ConfigClusterResolver - Resolving eureka endpoints via configuration
2024-02-26T11:08:21,493 INFO  com.netflix.discovery.shared.resolver.aws.ConfigClusterResolver - Resolving eureka endpoints via configuration
2024-02-26T11:13:21,821 INFO  com.netflix.discovery.shared.resolver.aws.ConfigClusterResolver - Resolving eureka endpoints via configuration
2024-02-26T11:18:21,821 INFO  com.netflix.discovery.shared.resolver.aws.ConfigClusterResolver - Resolving eureka endpoints via configuration
2024-02-26T11:23:21,851 INFO  com.netflix.discovery.shared.resolver.aws.ConfigClusterResolver - Resolving eureka endpoints via configuration
2024-02-26T11:28:21,851 INFO  com.netflix.discovery.shared.resolver.aws.ConfigClusterResolver - Resolving eureka endpoints via configuration
2024-02-26T11:29:50,398 INFO  org.springframework.boot.admin.SpringApplicationAdminMXBeanRegistrar$SpringApplicationAdmin - Application shutdown requested.
2024-02-26T11:29:50,446 INFO  org.springframework.cloud.netflix.eureka.serviceregistry.EurekaServiceRegistry - Unregistering application PAYMENT-SERVICE with eureka with status DOWN
2024-02-26T11:29:50,447 INFO  com.netflix.discovery.DiscoveryClient - Saw local status change event StatusChangeEvent [timestamp=1708946990447, current=DOWN, previous=UP]
2024-02-26T11:29:50,447 INFO  com.netflix.discovery.DiscoveryClient - DiscoveryClient_PAYMENT-SERVICE/192.168.1.6:payment-service:8300: registering service...
2024-02-26T11:29:50,457 INFO  com.netflix.discovery.DiscoveryClient - DiscoveryClient_PAYMENT-SERVICE/192.168.1.6:payment-service:8300 - registration status: 204
2024-02-26T11:29:50,521 INFO  org.springframework.amqp.rabbit.listener.SimpleMessageListenerContainer - Waiting for workers to finish.
2024-02-26T11:29:51,270 INFO  org.springframework.amqp.rabbit.listener.SimpleMessageListenerContainer - Successfully waited for workers to finish.
2024-02-26T11:29:51,279 INFO  org.apache.coyote.http11.Http11NioProtocol - Pausing ProtocolHandler ["http-nio-8300"]
2024-02-26T11:29:51,280 INFO  org.apache.catalina.core.StandardService - Stopping service [Tomcat]
2024-02-26T11:29:51,282 INFO  org.apache.catalina.core.ContainerBase.[Tomcat].[localhost].[/] - Destroying Spring FrameworkServlet 'dispatcherServlet'
2024-02-26T11:29:51,288 INFO  org.apache.coyote.http11.Http11NioProtocol - Stopping ProtocolHandler ["http-nio-8300"]
2024-02-26T11:29:51,291 INFO  org.apache.coyote.http11.Http11NioProtocol - Destroying ProtocolHandler ["http-nio-8300"]
2024-02-26T11:29:51,332 INFO  org.springframework.orm.jpa.LocalContainerEntityManagerFactoryBean - Closing JPA EntityManagerFactory for persistence unit 'default'
2024-02-26T11:29:51,508 INFO  com.zaxxer.hikari.HikariDataSource - HikariPool-1 - Shutdown initiated...
2024-02-26T11:29:51,515 INFO  com.zaxxer.hikari.HikariDataSource - HikariPool-1 - Shutdown completed.
2024-02-26T11:29:52,518 INFO  com.netflix.discovery.DiscoveryClient - Shutting down DiscoveryClient ...
2024-02-26T11:29:55,521 INFO  com.netflix.discovery.DiscoveryClient - Unregistering ...
2024-02-26T11:29:55,529 INFO  com.netflix.discovery.DiscoveryClient - DiscoveryClient_PAYMENT-SERVICE/192.168.1.6:payment-service:8300 - deregister  status: 200
2024-02-26T11:29:55,541 INFO  com.netflix.discovery.DiscoveryClient - Completed shut down of DiscoveryClient
2024-02-26T11:32:14,652 INFO  org.hibernate.validator.internal.util.Version - HV000001: Hibernate Validator 8.0.1.Final
2024-02-26T11:32:14,707 INFO  com.gustavo.paymentservice.PaymentServiceApplication - Starting PaymentServiceApplication using Java 17.0.7 with PID 39614 (/home/gustavo/Documentos/Workspaces/ws-sts/Event-Management-Distributed-System/payment-service/target/classes started by gustavo in /home/gustavo/Documentos/Workspaces/ws-sts/Event-Management-Distributed-System/payment-service)
2024-02-26T11:32:14,712 DEBUG com.gustavo.paymentservice.PaymentServiceApplication - Running with Spring Boot v3.1.7, Spring v6.0.15
2024-02-26T11:32:14,713 INFO  com.gustavo.paymentservice.PaymentServiceApplication - No active profile set, falling back to 1 default profile: "default"
2024-02-26T11:32:14,771 INFO  org.springframework.cloud.config.client.ConfigServerConfigDataLoader - Fetching config from server at : http://localhost:8888/
2024-02-26T11:32:14,771 INFO  org.springframework.cloud.config.client.ConfigServerConfigDataLoader - Located environment: name=payment-service, profiles=[default], label=null, version=null, state=null
2024-02-26T11:32:16,328 INFO  org.springframework.data.repository.config.RepositoryConfigurationDelegate - Bootstrapping Spring Data JPA repositories in DEFAULT mode.
2024-02-26T11:32:16,515 INFO  org.springframework.data.repository.config.RepositoryConfigurationDelegate - Finished Spring Data repository scanning in 177 ms. Found 1 JPA repository interface.
2024-02-26T11:32:16,950 INFO  org.springframework.cloud.context.scope.GenericScope - BeanFactory id=efaed35d-5f3b-3f50-9214-7f2bfabd9ff6
2024-02-26T11:32:17,526 INFO  org.springframework.boot.web.embedded.tomcat.TomcatWebServer - Tomcat initialized with port(s): 8300 (http)
2024-02-26T11:32:17,539 INFO  org.apache.coyote.http11.Http11NioProtocol - Initializing ProtocolHandler ["http-nio-8300"]
2024-02-26T11:32:17,541 INFO  org.apache.catalina.core.StandardService - Starting service [Tomcat]
2024-02-26T11:32:17,542 INFO  org.apache.catalina.core.StandardEngine - Starting Servlet engine: [Apache Tomcat/10.1.17]
2024-02-26T11:32:17,681 INFO  org.apache.catalina.core.ContainerBase.[Tomcat].[localhost].[/] - Initializing Spring embedded WebApplicationContext
2024-02-26T11:32:17,682 INFO  org.springframework.boot.web.servlet.context.ServletWebServerApplicationContext - Root WebApplicationContext: initialization completed in 2907 ms
2024-02-26T11:32:18,205 INFO  com.zaxxer.hikari.HikariDataSource - HikariPool-1 - Starting...
2024-02-26T11:32:18,497 INFO  com.zaxxer.hikari.pool.HikariPool - HikariPool-1 - Added connection conn0: url=jdbc:h2:mem:testdb user=SA
2024-02-26T11:32:18,499 INFO  com.zaxxer.hikari.HikariDataSource - HikariPool-1 - Start completed.
2024-02-26T11:32:18,515 INFO  org.springframework.boot.autoconfigure.h2.H2ConsoleAutoConfiguration - H2 console available at '/h2-console'. Database available at 'jdbc:h2:mem:testdb'
2024-02-26T11:32:18,859 INFO  org.hibernate.jpa.internal.util.LogHelper - HHH000204: Processing PersistenceUnitInfo [name: default]
2024-02-26T11:32:18,922 INFO  org.hibernate.Version - HHH000412: Hibernate ORM core version 6.2.17.Final
2024-02-26T11:32:18,925 INFO  org.hibernate.cfg.Environment - HHH000406: Using bytecode reflection optimizer
2024-02-26T11:32:19,254 INFO  org.springframework.orm.jpa.persistenceunit.SpringPersistenceUnitInfo - No LoadTimeWeaver setup: ignoring JPA class transformer
2024-02-26T11:32:19,309 WARN  org.hibernate.orm.deprecation - HHH90000025: H2Dialect does not need to be specified explicitly using 'hibernate.dialect' (remove the property setting and it will be selected by default)
2024-02-26T11:32:20,330 INFO  org.hibernate.engine.transaction.jta.platform.internal.JtaPlatformInitiator - HHH000489: No JTA platform available (set 'hibernate.transaction.jta.platform' to enable JTA platform integration)
2024-02-26T11:32:20,374 INFO  org.springframework.orm.jpa.LocalContainerEntityManagerFactoryBean - Initialized JPA EntityManagerFactory for persistence unit 'default'
2024-02-26T11:32:21,118 WARN  org.springframework.boot.autoconfigure.orm.jpa.JpaBaseConfiguration$JpaWebConfiguration - spring.jpa.open-in-view is enabled by default. Therefore, database queries may be performed during view rendering. Explicitly configure spring.jpa.open-in-view to disable this warning
2024-02-26T11:32:21,780 INFO  org.springframework.boot.actuate.endpoint.web.EndpointLinksResolver - Exposing 1 endpoint(s) beneath base path '/actuator'
2024-02-26T11:32:21,897 INFO  org.springframework.security.web.DefaultSecurityFilterChain - Will secure any request with [org.springframework.security.web.session.DisableEncodeUrlFilter@7474bc14, org.springframework.security.web.context.request.async.WebAsyncManagerIntegrationFilter@77070012, org.springframework.security.web.context.SecurityContextHolderFilter@3057a923, org.springframework.security.web.header.HeaderWriterFilter@abce494, org.springframework.security.web.authentication.logout.LogoutFilter@6b8f0b64, org.springframework.security.oauth2.server.resource.web.authentication.BearerTokenAuthenticationFilter@3ace955c, org.springframework.security.web.savedrequest.RequestCacheAwareFilter@25082311, org.springframework.security.web.servletapi.SecurityContextHolderAwareRequestFilter@3396d2a6, org.springframework.security.web.authentication.AnonymousAuthenticationFilter@39ad1fdb, org.springframework.security.web.session.SessionManagementFilter@bba6542, org.springframework.security.web.access.ExceptionTranslationFilter@732d2b59, org.springframework.security.web.access.intercept.AuthorizationFilter@7d24bd80]
2024-02-26T11:32:22,520 INFO  org.springframework.cloud.netflix.eureka.config.DiscoveryClientOptionalArgsConfiguration - Eureka HTTP Client uses RestTemplate.
2024-02-26T11:32:22,580 WARN  org.springframework.cloud.loadbalancer.config.LoadBalancerCacheAutoConfiguration$LoadBalancerCaffeineWarnLogger - Spring Cloud LoadBalancer is currently working with the default cache. While this cache implementation is useful for development and tests, it's recommended to use Caffeine cache in production.You can switch to using Caffeine cache, by adding it and org.springframework.cache.caffeine.CaffeineCacheManager to the classpath.
2024-02-26T11:32:22,674 WARN  org.springframework.core.LocalVariableTableParameterNameDiscoverer - Using deprecated '-debug' fallback for parameter name resolution. Compile the affected code with '-parameters' instead or avoid its introspection: org.springframework.amqp.rabbit.core.RabbitAdmin
2024-02-26T11:32:22,755 INFO  org.springframework.cloud.netflix.eureka.InstanceInfoFactory - Setting initial instance status as: STARTING
2024-02-26T11:32:22,802 INFO  com.netflix.discovery.DiscoveryClient - Initializing Eureka in region us-east-1
2024-02-26T11:32:22,808 INFO  com.netflix.discovery.shared.resolver.aws.ConfigClusterResolver - Resolving eureka endpoints via configuration
2024-02-26T11:32:22,838 INFO  com.netflix.discovery.DiscoveryClient - Disable delta property : false
2024-02-26T11:32:22,838 INFO  com.netflix.discovery.DiscoveryClient - Single vip registry refresh property : null
2024-02-26T11:32:22,838 INFO  com.netflix.discovery.DiscoveryClient - Force full registry fetch : false
2024-02-26T11:32:22,838 INFO  com.netflix.discovery.DiscoveryClient - Application is null : false
2024-02-26T11:32:22,839 INFO  com.netflix.discovery.DiscoveryClient - Registered Applications size is zero : true
2024-02-26T11:32:22,839 INFO  com.netflix.discovery.DiscoveryClient - Application version is -1: true
2024-02-26T11:32:22,839 INFO  com.netflix.discovery.DiscoveryClient - Getting all instance registry info from the eureka server
2024-02-26T11:32:23,000 INFO  com.netflix.discovery.DiscoveryClient - The response status is 200
2024-02-26T11:32:23,004 INFO  com.netflix.discovery.DiscoveryClient - Starting heartbeat executor: renew interval is: 30
2024-02-26T11:32:23,009 INFO  com.netflix.discovery.InstanceInfoReplicator - InstanceInfoReplicator onDemand update allowed rate per min is 4
2024-02-26T11:32:23,016 INFO  com.netflix.discovery.DiscoveryClient - Discovery Client initialized at timestamp 1708947143015 with initial instances count: 1
2024-02-26T11:32:23,021 INFO  org.springframework.cloud.netflix.eureka.serviceregistry.EurekaServiceRegistry - Registering application PAYMENT-SERVICE with eureka with status UP
2024-02-26T11:32:23,022 INFO  com.netflix.discovery.DiscoveryClient - Saw local status change event StatusChangeEvent [timestamp=1708947143022, current=UP, previous=STARTING]
2024-02-26T11:32:23,024 INFO  com.netflix.discovery.DiscoveryClient - DiscoveryClient_PAYMENT-SERVICE/192.168.1.6:payment-service:8300: registering service...
2024-02-26T11:32:23,026 INFO  org.apache.coyote.http11.Http11NioProtocol - Starting ProtocolHandler ["http-nio-8300"]
2024-02-26T11:32:23,052 INFO  org.springframework.boot.web.embedded.tomcat.TomcatWebServer - Tomcat started on port(s): 8300 (http) with context path ''
2024-02-26T11:32:23,053 INFO  org.springframework.cloud.netflix.eureka.serviceregistry.EurekaAutoServiceRegistration - Updating port to 8300
2024-02-26T11:32:23,084 INFO  com.netflix.discovery.DiscoveryClient - DiscoveryClient_PAYMENT-SERVICE/192.168.1.6:payment-service:8300 - registration status: 204
2024-02-26T11:32:23,132 INFO  org.springframework.amqp.rabbit.connection.CachingConnectionFactory - Attempting to connect to: [localhost:5672]
2024-02-26T11:32:23,215 INFO  org.springframework.amqp.rabbit.connection.CachingConnectionFactory - Created new connection: rabbitConnectionFactory#353aadd7:0/SimpleConnection@32d3bc83 [delegate=amqp://user@127.0.0.1:5672/, localPort=44556]
2024-02-26T11:32:23,309 INFO  com.gustavo.paymentservice.PaymentServiceApplication - Started PaymentServiceApplication in 9.935 seconds (process running for 11.417)
2024-02-26T11:32:24,133 INFO  org.apache.catalina.core.ContainerBase.[Tomcat].[localhost].[/] - Initializing Spring DispatcherServlet 'dispatcherServlet'
2024-02-26T11:32:24,134 INFO  org.springframework.web.servlet.DispatcherServlet - Initializing Servlet 'dispatcherServlet'
2024-02-26T11:32:24,137 INFO  org.springframework.web.servlet.DispatcherServlet - Completed initialization in 3 ms
2024-02-26T11:37:22,841 INFO  com.netflix.discovery.shared.resolver.aws.ConfigClusterResolver - Resolving eureka endpoints via configuration
2024-02-26T11:42:22,842 INFO  com.netflix.discovery.shared.resolver.aws.ConfigClusterResolver - Resolving eureka endpoints via configuration
2024-02-26T11:47:22,843 INFO  com.netflix.discovery.shared.resolver.aws.ConfigClusterResolver - Resolving eureka endpoints via configuration
2024-02-26T11:52:22,844 INFO  com.netflix.discovery.shared.resolver.aws.ConfigClusterResolver - Resolving eureka endpoints via configuration
2024-02-26T11:54:19,397 INFO  org.springframework.boot.admin.SpringApplicationAdminMXBeanRegistrar$SpringApplicationAdmin - Application shutdown requested.
2024-02-26T11:54:19,419 INFO  org.springframework.cloud.netflix.eureka.serviceregistry.EurekaServiceRegistry - Unregistering application PAYMENT-SERVICE with eureka with status DOWN
2024-02-26T11:54:19,419 INFO  com.netflix.discovery.DiscoveryClient - Saw local status change event StatusChangeEvent [timestamp=1708948459419, current=DOWN, previous=UP]
2024-02-26T11:54:19,419 INFO  com.netflix.discovery.DiscoveryClient - DiscoveryClient_PAYMENT-SERVICE/192.168.1.6:payment-service:8300: registering service...
2024-02-26T11:54:19,428 INFO  com.netflix.discovery.DiscoveryClient - DiscoveryClient_PAYMENT-SERVICE/192.168.1.6:payment-service:8300 - registration status: 204
2024-02-26T11:54:19,438 INFO  org.springframework.amqp.rabbit.listener.SimpleMessageListenerContainer - Waiting for workers to finish.
2024-02-26T11:54:19,503 INFO  org.springframework.amqp.rabbit.listener.SimpleMessageListenerContainer - Successfully waited for workers to finish.
2024-02-26T11:54:19,509 INFO  org.apache.coyote.http11.Http11NioProtocol - Pausing ProtocolHandler ["http-nio-8300"]
2024-02-26T11:54:19,509 INFO  org.apache.catalina.core.StandardService - Stopping service [Tomcat]
2024-02-26T11:54:19,511 INFO  org.apache.catalina.core.ContainerBase.[Tomcat].[localhost].[/] - Destroying Spring FrameworkServlet 'dispatcherServlet'
2024-02-26T11:54:19,515 INFO  org.apache.coyote.http11.Http11NioProtocol - Stopping ProtocolHandler ["http-nio-8300"]
2024-02-26T11:54:19,517 INFO  org.apache.coyote.http11.Http11NioProtocol - Destroying ProtocolHandler ["http-nio-8300"]
2024-02-26T11:54:19,541 INFO  org.springframework.orm.jpa.LocalContainerEntityManagerFactoryBean - Closing JPA EntityManagerFactory for persistence unit 'default'
2024-02-26T11:54:19,731 INFO  com.zaxxer.hikari.HikariDataSource - HikariPool-1 - Shutdown initiated...
2024-02-26T11:54:19,739 INFO  com.zaxxer.hikari.HikariDataSource - HikariPool-1 - Shutdown completed.
2024-02-26T11:54:20,741 INFO  com.netflix.discovery.DiscoveryClient - Shutting down DiscoveryClient ...
2024-02-26T11:54:23,742 WARN  com.netflix.discovery.TimedSupervisorTask - task supervisor shutting down, can't accept the task
2024-02-26T11:54:23,743 INFO  com.netflix.discovery.DiscoveryClient - Unregistering ...
2024-02-26T11:54:23,748 INFO  com.netflix.discovery.DiscoveryClient - DiscoveryClient_PAYMENT-SERVICE/192.168.1.6:payment-service:8300 - deregister  status: 200
2024-02-26T11:54:23,755 INFO  com.netflix.discovery.DiscoveryClient - Completed shut down of DiscoveryClient
2024-02-26T11:57:38,373 INFO  org.hibernate.validator.internal.util.Version - HV000001: Hibernate Validator 8.0.1.Final
2024-02-26T11:57:38,439 INFO  com.gustavo.paymentservice.PaymentServiceApplication - Starting PaymentServiceApplication using Java 17.0.7 with PID 50514 (/home/gustavo/Documentos/Workspaces/ws-sts/Event-Management-Distributed-System/payment-service/target/classes started by gustavo in /home/gustavo/Documentos/Workspaces/ws-sts/Event-Management-Distributed-System/payment-service)
2024-02-26T11:57:38,444 DEBUG com.gustavo.paymentservice.PaymentServiceApplication - Running with Spring Boot v3.1.7, Spring v6.0.15
2024-02-26T11:57:38,452 INFO  com.gustavo.paymentservice.PaymentServiceApplication - No active profile set, falling back to 1 default profile: "default"
2024-02-26T11:57:38,561 INFO  org.springframework.cloud.config.client.ConfigServerConfigDataLoader - Fetching config from server at : http://localhost:8888/
2024-02-26T11:57:38,561 INFO  org.springframework.cloud.config.client.ConfigServerConfigDataLoader - Located environment: name=payment-service, profiles=[default], label=null, version=null, state=null
2024-02-26T11:57:40,561 INFO  org.springframework.data.repository.config.RepositoryConfigurationDelegate - Bootstrapping Spring Data JPA repositories in DEFAULT mode.
2024-02-26T11:57:40,816 INFO  org.springframework.data.repository.config.RepositoryConfigurationDelegate - Finished Spring Data repository scanning in 241 ms. Found 1 JPA repository interface.
2024-02-26T11:57:41,400 INFO  org.springframework.cloud.context.scope.GenericScope - BeanFactory id=efaed35d-5f3b-3f50-9214-7f2bfabd9ff6
2024-02-26T11:57:42,007 INFO  org.springframework.boot.web.embedded.tomcat.TomcatWebServer - Tomcat initialized with port(s): 8300 (http)
2024-02-26T11:57:42,023 INFO  org.apache.coyote.http11.Http11NioProtocol - Initializing ProtocolHandler ["http-nio-8300"]
2024-02-26T11:57:42,026 INFO  org.apache.catalina.core.StandardService - Starting service [Tomcat]
2024-02-26T11:57:42,027 INFO  org.apache.catalina.core.StandardEngine - Starting Servlet engine: [Apache Tomcat/10.1.17]
2024-02-26T11:57:42,362 INFO  org.apache.catalina.core.ContainerBase.[Tomcat].[localhost].[/] - Initializing Spring embedded WebApplicationContext
2024-02-26T11:57:42,401 INFO  org.springframework.boot.web.servlet.context.ServletWebServerApplicationContext - Root WebApplicationContext: initialization completed in 3832 ms
2024-02-26T11:57:43,297 INFO  com.zaxxer.hikari.HikariDataSource - HikariPool-1 - Starting...
2024-02-26T11:57:43,589 INFO  com.zaxxer.hikari.pool.HikariPool - HikariPool-1 - Added connection conn0: url=jdbc:h2:mem:testdb user=SA
2024-02-26T11:57:43,592 INFO  com.zaxxer.hikari.HikariDataSource - HikariPool-1 - Start completed.
2024-02-26T11:57:43,609 INFO  org.springframework.boot.autoconfigure.h2.H2ConsoleAutoConfiguration - H2 console available at '/h2-console'. Database available at 'jdbc:h2:mem:testdb'
2024-02-26T11:57:43,959 INFO  org.hibernate.jpa.internal.util.LogHelper - HHH000204: Processing PersistenceUnitInfo [name: default]
2024-02-26T11:57:44,044 INFO  org.hibernate.Version - HHH000412: Hibernate ORM core version 6.2.17.Final
2024-02-26T11:57:44,049 INFO  org.hibernate.cfg.Environment - HHH000406: Using bytecode reflection optimizer
2024-02-26T11:57:44,482 INFO  org.springframework.orm.jpa.persistenceunit.SpringPersistenceUnitInfo - No LoadTimeWeaver setup: ignoring JPA class transformer
2024-02-26T11:57:44,538 WARN  org.hibernate.orm.deprecation - HHH90000025: H2Dialect does not need to be specified explicitly using 'hibernate.dialect' (remove the property setting and it will be selected by default)
2024-02-26T11:57:45,694 INFO  org.hibernate.engine.transaction.jta.platform.internal.JtaPlatformInitiator - HHH000489: No JTA platform available (set 'hibernate.transaction.jta.platform' to enable JTA platform integration)
2024-02-26T11:57:45,766 INFO  org.springframework.orm.jpa.LocalContainerEntityManagerFactoryBean - Initialized JPA EntityManagerFactory for persistence unit 'default'
2024-02-26T11:57:46,902 WARN  org.springframework.boot.autoconfigure.orm.jpa.JpaBaseConfiguration$JpaWebConfiguration - spring.jpa.open-in-view is enabled by default. Therefore, database queries may be performed during view rendering. Explicitly configure spring.jpa.open-in-view to disable this warning
2024-02-26T11:57:47,924 INFO  org.springframework.boot.actuate.endpoint.web.EndpointLinksResolver - Exposing 1 endpoint(s) beneath base path '/actuator'
2024-02-26T11:57:48,069 INFO  org.springframework.security.web.DefaultSecurityFilterChain - Will secure any request with [org.springframework.security.web.session.DisableEncodeUrlFilter@28e9f6b8, org.springframework.security.web.context.request.async.WebAsyncManagerIntegrationFilter@70798698, org.springframework.security.web.context.SecurityContextHolderFilter@7f55e1b9, org.springframework.security.web.header.HeaderWriterFilter@49e8f283, org.springframework.security.web.authentication.logout.LogoutFilter@7ec02149, org.springframework.security.oauth2.server.resource.web.authentication.BearerTokenAuthenticationFilter@6a28f67a, org.springframework.security.web.savedrequest.RequestCacheAwareFilter@7a6ef10b, org.springframework.security.web.servletapi.SecurityContextHolderAwareRequestFilter@4f72e38c, org.springframework.security.web.authentication.AnonymousAuthenticationFilter@5d4f35cb, org.springframework.security.web.session.SessionManagementFilter@1c1e971c, org.springframework.security.web.access.ExceptionTranslationFilter@65daaa95, org.springframework.security.web.access.intercept.AuthorizationFilter@54a0ada1]
2024-02-26T11:57:48,902 INFO  org.springframework.cloud.netflix.eureka.config.DiscoveryClientOptionalArgsConfiguration - Eureka HTTP Client uses RestTemplate.
2024-02-26T11:57:48,999 WARN  org.springframework.cloud.loadbalancer.config.LoadBalancerCacheAutoConfiguration$LoadBalancerCaffeineWarnLogger - Spring Cloud LoadBalancer is currently working with the default cache. While this cache implementation is useful for development and tests, it's recommended to use Caffeine cache in production.You can switch to using Caffeine cache, by adding it and org.springframework.cache.caffeine.CaffeineCacheManager to the classpath.
2024-02-26T11:57:49,132 WARN  org.springframework.core.LocalVariableTableParameterNameDiscoverer - Using deprecated '-debug' fallback for parameter name resolution. Compile the affected code with '-parameters' instead or avoid its introspection: org.springframework.amqp.rabbit.core.RabbitAdmin
2024-02-26T11:57:49,255 INFO  org.springframework.cloud.netflix.eureka.InstanceInfoFactory - Setting initial instance status as: STARTING
2024-02-26T11:57:49,327 INFO  com.netflix.discovery.DiscoveryClient - Initializing Eureka in region us-east-1
2024-02-26T11:57:49,335 INFO  com.netflix.discovery.shared.resolver.aws.ConfigClusterResolver - Resolving eureka endpoints via configuration
2024-02-26T11:57:49,374 INFO  com.netflix.discovery.DiscoveryClient - Disable delta property : false
2024-02-26T11:57:49,375 INFO  com.netflix.discovery.DiscoveryClient - Single vip registry refresh property : null
2024-02-26T11:57:49,375 INFO  com.netflix.discovery.DiscoveryClient - Force full registry fetch : false
2024-02-26T11:57:49,375 INFO  com.netflix.discovery.DiscoveryClient - Application is null : false
2024-02-26T11:57:49,375 INFO  com.netflix.discovery.DiscoveryClient - Registered Applications size is zero : true
2024-02-26T11:57:49,376 INFO  com.netflix.discovery.DiscoveryClient - Application version is -1: true
2024-02-26T11:57:49,376 INFO  com.netflix.discovery.DiscoveryClient - Getting all instance registry info from the eureka server
2024-02-26T11:57:49,634 INFO  com.netflix.discovery.DiscoveryClient - The response status is 200
2024-02-26T11:57:49,638 INFO  com.netflix.discovery.DiscoveryClient - Starting heartbeat executor: renew interval is: 30
2024-02-26T11:57:49,642 INFO  com.netflix.discovery.InstanceInfoReplicator - InstanceInfoReplicator onDemand update allowed rate per min is 4
2024-02-26T11:57:49,648 INFO  com.netflix.discovery.DiscoveryClient - Discovery Client initialized at timestamp 1708948669648 with initial instances count: 3
2024-02-26T11:57:49,661 INFO  org.springframework.cloud.netflix.eureka.serviceregistry.EurekaServiceRegistry - Registering application PAYMENT-SERVICE with eureka with status UP
2024-02-26T11:57:49,662 INFO  com.netflix.discovery.DiscoveryClient - Saw local status change event StatusChangeEvent [timestamp=1708948669662, current=UP, previous=STARTING]
2024-02-26T11:57:49,665 INFO  com.netflix.discovery.DiscoveryClient - DiscoveryClient_PAYMENT-SERVICE/192.168.1.6:payment-service:8300: registering service...
2024-02-26T11:57:49,665 INFO  org.apache.coyote.http11.Http11NioProtocol - Starting ProtocolHandler ["http-nio-8300"]
2024-02-26T11:57:49,701 INFO  org.springframework.boot.web.embedded.tomcat.TomcatWebServer - Tomcat started on port(s): 8300 (http) with context path ''
2024-02-26T11:57:49,702 INFO  org.springframework.cloud.netflix.eureka.serviceregistry.EurekaAutoServiceRegistration - Updating port to 8300
2024-02-26T11:57:49,786 INFO  org.springframework.amqp.rabbit.connection.CachingConnectionFactory - Attempting to connect to: [localhost:5672]
2024-02-26T11:57:49,902 INFO  com.netflix.discovery.DiscoveryClient - DiscoveryClient_PAYMENT-SERVICE/192.168.1.6:payment-service:8300 - registration status: 204
2024-02-26T11:57:49,993 INFO  org.springframework.amqp.rabbit.connection.CachingConnectionFactory - Created new connection: rabbitConnectionFactory#76480730:0/SimpleConnection@42d12a27 [delegate=amqp://user@127.0.0.1:5672/, localPort=42538]
2024-02-26T11:57:50,115 INFO  com.gustavo.paymentservice.PaymentServiceApplication - Started PaymentServiceApplication in 13.513 seconds (process running for 15.235)
2024-02-26T11:57:50,944 INFO  org.apache.catalina.core.ContainerBase.[Tomcat].[localhost].[/] - Initializing Spring DispatcherServlet 'dispatcherServlet'
2024-02-26T11:57:50,944 INFO  org.springframework.web.servlet.DispatcherServlet - Initializing Servlet 'dispatcherServlet'
2024-02-26T11:57:50,949 INFO  org.springframework.web.servlet.DispatcherServlet - Completed initialization in 3 ms
2024-02-26T12:02:49,379 INFO  com.netflix.discovery.shared.resolver.aws.ConfigClusterResolver - Resolving eureka endpoints via configuration
2024-02-26T12:07:28,298 INFO  org.springframework.boot.admin.SpringApplicationAdminMXBeanRegistrar$SpringApplicationAdmin - Application shutdown requested.
2024-02-26T12:07:28,307 INFO  org.springframework.cloud.netflix.eureka.serviceregistry.EurekaServiceRegistry - Unregistering application PAYMENT-SERVICE with eureka with status DOWN
2024-02-26T12:07:28,308 INFO  com.netflix.discovery.DiscoveryClient - Saw local status change event StatusChangeEvent [timestamp=1708949248308, current=DOWN, previous=UP]
2024-02-26T12:07:28,308 INFO  com.netflix.discovery.DiscoveryClient - DiscoveryClient_PAYMENT-SERVICE/192.168.1.6:payment-service:8300: registering service...
2024-02-26T12:07:28,314 INFO  com.netflix.discovery.DiscoveryClient - DiscoveryClient_PAYMENT-SERVICE/192.168.1.6:payment-service:8300 - registration status: 204
2024-02-26T12:07:28,316 INFO  org.springframework.amqp.rabbit.listener.SimpleMessageListenerContainer - Waiting for workers to finish.
2024-02-26T12:07:29,187 INFO  org.springframework.amqp.rabbit.listener.SimpleMessageListenerContainer - Successfully waited for workers to finish.
2024-02-26T12:07:29,193 INFO  org.apache.coyote.http11.Http11NioProtocol - Pausing ProtocolHandler ["http-nio-8300"]
2024-02-26T12:07:29,194 INFO  org.apache.catalina.core.StandardService - Stopping service [Tomcat]
2024-02-26T12:07:29,196 INFO  org.apache.catalina.core.ContainerBase.[Tomcat].[localhost].[/] - Destroying Spring FrameworkServlet 'dispatcherServlet'
2024-02-26T12:07:29,201 INFO  org.apache.coyote.http11.Http11NioProtocol - Stopping ProtocolHandler ["http-nio-8300"]
2024-02-26T12:07:29,203 INFO  org.apache.coyote.http11.Http11NioProtocol - Destroying ProtocolHandler ["http-nio-8300"]
2024-02-26T12:07:29,225 INFO  org.springframework.orm.jpa.LocalContainerEntityManagerFactoryBean - Closing JPA EntityManagerFactory for persistence unit 'default'
2024-02-26T12:07:29,416 INFO  com.zaxxer.hikari.HikariDataSource - HikariPool-1 - Shutdown initiated...
2024-02-26T12:07:29,424 INFO  com.zaxxer.hikari.HikariDataSource - HikariPool-1 - Shutdown completed.
2024-02-26T12:07:30,426 INFO  com.netflix.discovery.DiscoveryClient - Shutting down DiscoveryClient ...
2024-02-26T12:07:33,428 INFO  com.netflix.discovery.DiscoveryClient - Unregistering ...
2024-02-26T12:07:33,435 INFO  com.netflix.discovery.DiscoveryClient - DiscoveryClient_PAYMENT-SERVICE/192.168.1.6:payment-service:8300 - deregister  status: 200
2024-02-26T12:07:33,446 INFO  com.netflix.discovery.DiscoveryClient - Completed shut down of DiscoveryClient
2024-02-26T12:09:51,446 INFO  org.hibernate.validator.internal.util.Version - HV000001: Hibernate Validator 8.0.1.Final
2024-02-26T12:09:51,514 INFO  com.gustavo.paymentservice.PaymentServiceApplication - Starting PaymentServiceApplication using Java 17.0.7 with PID 55658 (/home/gustavo/Documentos/Workspaces/ws-sts/Event-Management-Distributed-System/payment-service/target/classes started by gustavo in /home/gustavo/Documentos/Workspaces/ws-sts/Event-Management-Distributed-System/payment-service)
2024-02-26T12:09:51,521 DEBUG com.gustavo.paymentservice.PaymentServiceApplication - Running with Spring Boot v3.1.7, Spring v6.0.15
2024-02-26T12:09:51,543 INFO  com.gustavo.paymentservice.PaymentServiceApplication - No active profile set, falling back to 1 default profile: "default"
2024-02-26T12:09:51,620 INFO  org.springframework.cloud.config.client.ConfigServerConfigDataLoader - Fetching config from server at : http://localhost:8888/
2024-02-26T12:09:51,621 INFO  org.springframework.cloud.config.client.ConfigServerConfigDataLoader - Located environment: name=payment-service, profiles=[default], label=null, version=null, state=null
2024-02-26T12:09:54,047 INFO  org.springframework.data.repository.config.RepositoryConfigurationDelegate - Bootstrapping Spring Data JPA repositories in DEFAULT mode.
2024-02-26T12:09:54,227 INFO  org.springframework.data.repository.config.RepositoryConfigurationDelegate - Finished Spring Data repository scanning in 171 ms. Found 1 JPA repository interface.
2024-02-26T12:09:54,607 INFO  org.springframework.cloud.context.scope.GenericScope - BeanFactory id=efaed35d-5f3b-3f50-9214-7f2bfabd9ff6
2024-02-26T12:09:55,210 INFO  org.springframework.boot.web.embedded.tomcat.TomcatWebServer - Tomcat initialized with port(s): 8300 (http)
2024-02-26T12:09:55,224 INFO  org.apache.coyote.http11.Http11NioProtocol - Initializing ProtocolHandler ["http-nio-8300"]
2024-02-26T12:09:55,226 INFO  org.apache.catalina.core.StandardService - Starting service [Tomcat]
2024-02-26T12:09:55,227 INFO  org.apache.catalina.core.StandardEngine - Starting Servlet engine: [Apache Tomcat/10.1.17]
2024-02-26T12:09:55,379 INFO  org.apache.catalina.core.ContainerBase.[Tomcat].[localhost].[/] - Initializing Spring embedded WebApplicationContext
2024-02-26T12:09:55,379 INFO  org.springframework.boot.web.servlet.context.ServletWebServerApplicationContext - Root WebApplicationContext: initialization completed in 3750 ms
2024-02-26T12:09:56,011 INFO  com.zaxxer.hikari.HikariDataSource - HikariPool-1 - Starting...
2024-02-26T12:09:56,297 INFO  com.zaxxer.hikari.pool.HikariPool - HikariPool-1 - Added connection conn0: url=jdbc:h2:mem:testdb user=SA
2024-02-26T12:09:56,299 INFO  com.zaxxer.hikari.HikariDataSource - HikariPool-1 - Start completed.
2024-02-26T12:09:56,315 INFO  org.springframework.boot.autoconfigure.h2.H2ConsoleAutoConfiguration - H2 console available at '/h2-console'. Database available at 'jdbc:h2:mem:testdb'
2024-02-26T12:09:56,632 INFO  org.hibernate.jpa.internal.util.LogHelper - HHH000204: Processing PersistenceUnitInfo [name: default]
2024-02-26T12:09:56,693 INFO  org.hibernate.Version - HHH000412: Hibernate ORM core version 6.2.17.Final
2024-02-26T12:09:56,696 INFO  org.hibernate.cfg.Environment - HHH000406: Using bytecode reflection optimizer
2024-02-26T12:09:57,000 INFO  org.springframework.orm.jpa.persistenceunit.SpringPersistenceUnitInfo - No LoadTimeWeaver setup: ignoring JPA class transformer
2024-02-26T12:09:57,055 WARN  org.hibernate.orm.deprecation - HHH90000025: H2Dialect does not need to be specified explicitly using 'hibernate.dialect' (remove the property setting and it will be selected by default)
2024-02-26T12:09:58,088 INFO  org.hibernate.engine.transaction.jta.platform.internal.JtaPlatformInitiator - HHH000489: No JTA platform available (set 'hibernate.transaction.jta.platform' to enable JTA platform integration)
2024-02-26T12:09:58,132 INFO  org.springframework.orm.jpa.LocalContainerEntityManagerFactoryBean - Initialized JPA EntityManagerFactory for persistence unit 'default'
2024-02-26T12:09:58,891 WARN  org.springframework.boot.autoconfigure.orm.jpa.JpaBaseConfiguration$JpaWebConfiguration - spring.jpa.open-in-view is enabled by default. Therefore, database queries may be performed during view rendering. Explicitly configure spring.jpa.open-in-view to disable this warning
2024-02-26T12:09:59,550 INFO  org.springframework.boot.actuate.endpoint.web.EndpointLinksResolver - Exposing 1 endpoint(s) beneath base path '/actuator'
2024-02-26T12:09:59,665 INFO  org.springframework.security.web.DefaultSecurityFilterChain - Will secure any request with [org.springframework.security.web.session.DisableEncodeUrlFilter@3c2e7a83, org.springframework.security.web.context.request.async.WebAsyncManagerIntegrationFilter@40c7cea8, org.springframework.security.web.context.SecurityContextHolderFilter@3396d2a6, org.springframework.security.web.header.HeaderWriterFilter@c35b83c, org.springframework.security.web.authentication.logout.LogoutFilter@c9dcfcd, org.springframework.security.oauth2.server.resource.web.authentication.BearerTokenAuthenticationFilter@22e470f4, org.springframework.security.web.savedrequest.RequestCacheAwareFilter@23216e17, org.springframework.security.web.servletapi.SecurityContextHolderAwareRequestFilter@75952723, org.springframework.security.web.authentication.AnonymousAuthenticationFilter@41a56594, org.springframework.security.web.session.SessionManagementFilter@48acb864, org.springframework.security.web.access.ExceptionTranslationFilter@7a6ef10b, org.springframework.security.web.access.intercept.AuthorizationFilter@7cc9970a]
2024-02-26T12:10:00,303 INFO  org.springframework.cloud.netflix.eureka.config.DiscoveryClientOptionalArgsConfiguration - Eureka HTTP Client uses RestTemplate.
2024-02-26T12:10:00,370 WARN  org.springframework.cloud.loadbalancer.config.LoadBalancerCacheAutoConfiguration$LoadBalancerCaffeineWarnLogger - Spring Cloud LoadBalancer is currently working with the default cache. While this cache implementation is useful for development and tests, it's recommended to use Caffeine cache in production.You can switch to using Caffeine cache, by adding it and org.springframework.cache.caffeine.CaffeineCacheManager to the classpath.
2024-02-26T12:10:00,466 WARN  org.springframework.core.LocalVariableTableParameterNameDiscoverer - Using deprecated '-debug' fallback for parameter name resolution. Compile the affected code with '-parameters' instead or avoid its introspection: org.springframework.amqp.rabbit.core.RabbitAdmin
2024-02-26T12:10:00,552 INFO  org.springframework.cloud.netflix.eureka.InstanceInfoFactory - Setting initial instance status as: STARTING
2024-02-26T12:10:00,597 INFO  com.netflix.discovery.DiscoveryClient - Initializing Eureka in region us-east-1
2024-02-26T12:10:00,603 INFO  com.netflix.discovery.shared.resolver.aws.ConfigClusterResolver - Resolving eureka endpoints via configuration
2024-02-26T12:10:00,632 INFO  com.netflix.discovery.DiscoveryClient - Disable delta property : false
2024-02-26T12:10:00,632 INFO  com.netflix.discovery.DiscoveryClient - Single vip registry refresh property : null
2024-02-26T12:10:00,632 INFO  com.netflix.discovery.DiscoveryClient - Force full registry fetch : false
2024-02-26T12:10:00,632 INFO  com.netflix.discovery.DiscoveryClient - Application is null : false
2024-02-26T12:10:00,632 INFO  com.netflix.discovery.DiscoveryClient - Registered Applications size is zero : true
2024-02-26T12:10:00,633 INFO  com.netflix.discovery.DiscoveryClient - Application version is -1: true
2024-02-26T12:10:00,633 INFO  com.netflix.discovery.DiscoveryClient - Getting all instance registry info from the eureka server
2024-02-26T12:10:00,806 INFO  com.netflix.discovery.DiscoveryClient - The response status is 200
2024-02-26T12:10:00,809 INFO  com.netflix.discovery.DiscoveryClient - Starting heartbeat executor: renew interval is: 30
2024-02-26T12:10:00,813 INFO  com.netflix.discovery.InstanceInfoReplicator - InstanceInfoReplicator onDemand update allowed rate per min is 4
2024-02-26T12:10:00,819 INFO  com.netflix.discovery.DiscoveryClient - Discovery Client initialized at timestamp 1708949400818 with initial instances count: 3
2024-02-26T12:10:00,822 INFO  org.springframework.cloud.netflix.eureka.serviceregistry.EurekaServiceRegistry - Registering application PAYMENT-SERVICE with eureka with status UP
2024-02-26T12:10:00,823 INFO  com.netflix.discovery.DiscoveryClient - Saw local status change event StatusChangeEvent [timestamp=1708949400823, current=UP, previous=STARTING]
2024-02-26T12:10:00,825 INFO  com.netflix.discovery.DiscoveryClient - DiscoveryClient_PAYMENT-SERVICE/192.168.1.6:payment-service:8300: registering service...
2024-02-26T12:10:00,826 INFO  org.apache.coyote.http11.Http11NioProtocol - Starting ProtocolHandler ["http-nio-8300"]
2024-02-26T12:10:00,849 INFO  org.springframework.boot.web.embedded.tomcat.TomcatWebServer - Tomcat started on port(s): 8300 (http) with context path ''
2024-02-26T12:10:00,850 INFO  org.springframework.cloud.netflix.eureka.serviceregistry.EurekaAutoServiceRegistration - Updating port to 8300
2024-02-26T12:10:00,880 INFO  com.netflix.discovery.DiscoveryClient - DiscoveryClient_PAYMENT-SERVICE/192.168.1.6:payment-service:8300 - registration status: 204
2024-02-26T12:10:00,931 INFO  org.springframework.amqp.rabbit.connection.CachingConnectionFactory - Attempting to connect to: [localhost:5672]
2024-02-26T12:10:00,998 INFO  org.springframework.amqp.rabbit.connection.CachingConnectionFactory - Created new connection: rabbitConnectionFactory#522fdf0c:0/SimpleConnection@18ea91d7 [delegate=amqp://user@127.0.0.1:5672/, localPort=59630]
2024-02-26T12:10:01,085 INFO  com.gustavo.paymentservice.PaymentServiceApplication - Started PaymentServiceApplication in 12.502 seconds (process running for 14.105)
2024-02-26T12:10:01,606 INFO  org.apache.catalina.core.ContainerBase.[Tomcat].[localhost].[/] - Initializing Spring DispatcherServlet 'dispatcherServlet'
2024-02-26T12:10:01,607 INFO  org.springframework.web.servlet.DispatcherServlet - Initializing Servlet 'dispatcherServlet'
2024-02-26T12:10:01,610 INFO  org.springframework.web.servlet.DispatcherServlet - Completed initialization in 3 ms
2024-02-26T12:15:00,636 INFO  com.netflix.discovery.shared.resolver.aws.ConfigClusterResolver - Resolving eureka endpoints via configuration
2024-02-26T12:20:00,636 INFO  com.netflix.discovery.shared.resolver.aws.ConfigClusterResolver - Resolving eureka endpoints via configuration
2024-02-26T12:25:00,637 INFO  com.netflix.discovery.shared.resolver.aws.ConfigClusterResolver - Resolving eureka endpoints via configuration
2024-02-26T12:29:12,757 INFO  org.springframework.boot.admin.SpringApplicationAdminMXBeanRegistrar$SpringApplicationAdmin - Application shutdown requested.
2024-02-26T12:29:12,759 INFO  org.springframework.cloud.netflix.eureka.serviceregistry.EurekaServiceRegistry - Unregistering application PAYMENT-SERVICE with eureka with status DOWN
2024-02-26T12:29:12,759 INFO  com.netflix.discovery.DiscoveryClient - Saw local status change event StatusChangeEvent [timestamp=1708950552759, current=DOWN, previous=UP]
2024-02-26T12:29:12,760 INFO  com.netflix.discovery.DiscoveryClient - DiscoveryClient_PAYMENT-SERVICE/192.168.1.6:payment-service:8300: registering service...
2024-02-26T12:29:12,767 INFO  org.springframework.amqp.rabbit.listener.SimpleMessageListenerContainer - Waiting for workers to finish.
2024-02-26T12:29:12,772 INFO  com.netflix.discovery.DiscoveryClient - DiscoveryClient_PAYMENT-SERVICE/192.168.1.6:payment-service:8300 - registration status: 204
2024-02-26T12:29:13,270 INFO  org.springframework.amqp.rabbit.listener.SimpleMessageListenerContainer - Successfully waited for workers to finish.
2024-02-26T12:29:13,276 INFO  org.apache.coyote.http11.Http11NioProtocol - Pausing ProtocolHandler ["http-nio-8300"]
2024-02-26T12:29:13,277 INFO  org.apache.catalina.core.StandardService - Stopping service [Tomcat]
2024-02-26T12:29:13,279 INFO  org.apache.catalina.core.ContainerBase.[Tomcat].[localhost].[/] - Destroying Spring FrameworkServlet 'dispatcherServlet'
2024-02-26T12:29:13,283 INFO  org.apache.coyote.http11.Http11NioProtocol - Stopping ProtocolHandler ["http-nio-8300"]
2024-02-26T12:29:13,286 INFO  org.apache.coyote.http11.Http11NioProtocol - Destroying ProtocolHandler ["http-nio-8300"]
2024-02-26T12:29:13,311 INFO  org.springframework.orm.jpa.LocalContainerEntityManagerFactoryBean - Closing JPA EntityManagerFactory for persistence unit 'default'
2024-02-26T12:29:13,504 INFO  com.zaxxer.hikari.HikariDataSource - HikariPool-1 - Shutdown initiated...
2024-02-26T12:29:13,512 INFO  com.zaxxer.hikari.HikariDataSource - HikariPool-1 - Shutdown completed.
2024-02-26T12:29:14,515 INFO  com.netflix.discovery.DiscoveryClient - Shutting down DiscoveryClient ...
2024-02-26T12:29:17,517 INFO  com.netflix.discovery.DiscoveryClient - Unregistering ...
2024-02-26T12:29:17,521 INFO  com.netflix.discovery.DiscoveryClient - DiscoveryClient_PAYMENT-SERVICE/192.168.1.6:payment-service:8300 - deregister  status: 200
2024-02-26T12:29:17,527 INFO  com.netflix.discovery.DiscoveryClient - Completed shut down of DiscoveryClient
2024-02-26T12:31:42,628 INFO  org.hibernate.validator.internal.util.Version - HV000001: Hibernate Validator 8.0.1.Final
2024-02-26T12:31:42,688 INFO  com.gustavo.paymentservice.PaymentServiceApplication - Starting PaymentServiceApplication using Java 17.0.7 with PID 64242 (/home/gustavo/Documentos/Workspaces/ws-sts/Event-Management-Distributed-System/payment-service/target/classes started by gustavo in /home/gustavo/Documentos/Workspaces/ws-sts/Event-Management-Distributed-System/payment-service)
2024-02-26T12:31:42,692 DEBUG com.gustavo.paymentservice.PaymentServiceApplication - Running with Spring Boot v3.1.7, Spring v6.0.15
2024-02-26T12:31:42,694 INFO  com.gustavo.paymentservice.PaymentServiceApplication - No active profile set, falling back to 1 default profile: "default"
2024-02-26T12:31:42,753 INFO  org.springframework.cloud.config.client.ConfigServerConfigDataLoader - Fetching config from server at : http://localhost:8888/
2024-02-26T12:31:42,753 INFO  org.springframework.cloud.config.client.ConfigServerConfigDataLoader - Located environment: name=payment-service, profiles=[default], label=null, version=null, state=null
2024-02-26T12:31:44,381 INFO  org.springframework.data.repository.config.RepositoryConfigurationDelegate - Bootstrapping Spring Data JPA repositories in DEFAULT mode.
2024-02-26T12:31:44,566 INFO  org.springframework.data.repository.config.RepositoryConfigurationDelegate - Finished Spring Data repository scanning in 176 ms. Found 1 JPA repository interface.
2024-02-26T12:31:44,974 INFO  org.springframework.cloud.context.scope.GenericScope - BeanFactory id=efaed35d-5f3b-3f50-9214-7f2bfabd9ff6
2024-02-26T12:31:45,592 INFO  org.springframework.boot.web.embedded.tomcat.TomcatWebServer - Tomcat initialized with port(s): 8300 (http)
2024-02-26T12:31:45,606 INFO  org.apache.coyote.http11.Http11NioProtocol - Initializing ProtocolHandler ["http-nio-8300"]
2024-02-26T12:31:45,608 INFO  org.apache.catalina.core.StandardService - Starting service [Tomcat]
2024-02-26T12:31:45,609 INFO  org.apache.catalina.core.StandardEngine - Starting Servlet engine: [Apache Tomcat/10.1.17]
2024-02-26T12:31:45,748 INFO  org.apache.catalina.core.ContainerBase.[Tomcat].[localhost].[/] - Initializing Spring embedded WebApplicationContext
2024-02-26T12:31:45,749 INFO  org.springframework.boot.web.servlet.context.ServletWebServerApplicationContext - Root WebApplicationContext: initialization completed in 2991 ms
2024-02-26T12:31:46,259 INFO  com.zaxxer.hikari.HikariDataSource - HikariPool-1 - Starting...
2024-02-26T12:31:46,583 INFO  com.zaxxer.hikari.pool.HikariPool - HikariPool-1 - Added connection conn0: url=jdbc:h2:mem:testdb user=SA
2024-02-26T12:31:46,586 INFO  com.zaxxer.hikari.HikariDataSource - HikariPool-1 - Start completed.
2024-02-26T12:31:46,606 INFO  org.springframework.boot.autoconfigure.h2.H2ConsoleAutoConfiguration - H2 console available at '/h2-console'. Database available at 'jdbc:h2:mem:testdb'
2024-02-26T12:31:46,912 INFO  org.hibernate.jpa.internal.util.LogHelper - HHH000204: Processing PersistenceUnitInfo [name: default]
2024-02-26T12:31:46,973 INFO  org.hibernate.Version - HHH000412: Hibernate ORM core version 6.2.17.Final
2024-02-26T12:31:46,976 INFO  org.hibernate.cfg.Environment - HHH000406: Using bytecode reflection optimizer
2024-02-26T12:31:47,374 INFO  org.springframework.orm.jpa.persistenceunit.SpringPersistenceUnitInfo - No LoadTimeWeaver setup: ignoring JPA class transformer
2024-02-26T12:31:47,433 WARN  org.hibernate.orm.deprecation - HHH90000025: H2Dialect does not need to be specified explicitly using 'hibernate.dialect' (remove the property setting and it will be selected by default)
2024-02-26T12:31:48,538 INFO  org.hibernate.engine.transaction.jta.platform.internal.JtaPlatformInitiator - HHH000489: No JTA platform available (set 'hibernate.transaction.jta.platform' to enable JTA platform integration)
2024-02-26T12:31:48,593 INFO  org.springframework.orm.jpa.LocalContainerEntityManagerFactoryBean - Initialized JPA EntityManagerFactory for persistence unit 'default'
2024-02-26T12:31:49,511 WARN  org.springframework.boot.autoconfigure.orm.jpa.JpaBaseConfiguration$JpaWebConfiguration - spring.jpa.open-in-view is enabled by default. Therefore, database queries may be performed during view rendering. Explicitly configure spring.jpa.open-in-view to disable this warning
2024-02-26T12:31:50,213 INFO  org.springframework.boot.actuate.endpoint.web.EndpointLinksResolver - Exposing 1 endpoint(s) beneath base path '/actuator'
2024-02-26T12:31:50,329 INFO  org.springframework.security.web.DefaultSecurityFilterChain - Will secure any request with [org.springframework.security.web.session.DisableEncodeUrlFilter@40c7cea8, org.springframework.security.web.context.request.async.WebAsyncManagerIntegrationFilter@41a56594, org.springframework.security.web.context.SecurityContextHolderFilter@1ed43328, org.springframework.security.web.header.HeaderWriterFilter@4299b47d, org.springframework.security.web.authentication.logout.LogoutFilter@4431233f, org.springframework.security.oauth2.server.resource.web.authentication.BearerTokenAuthenticationFilter@6dace32a, org.springframework.security.web.savedrequest.RequestCacheAwareFilter@679864e0, org.springframework.security.web.servletapi.SecurityContextHolderAwareRequestFilter@510ee215, org.springframework.security.web.authentication.AnonymousAuthenticationFilter@4b1a7b39, org.springframework.security.web.session.SessionManagementFilter@45bf1ee3, org.springframework.security.web.access.ExceptionTranslationFilter@5cbdc23b, org.springframework.security.web.access.intercept.AuthorizationFilter@1bf2e21d]
2024-02-26T12:31:51,070 INFO  org.springframework.cloud.netflix.eureka.config.DiscoveryClientOptionalArgsConfiguration - Eureka HTTP Client uses RestTemplate.
2024-02-26T12:31:51,158 WARN  org.springframework.cloud.loadbalancer.config.LoadBalancerCacheAutoConfiguration$LoadBalancerCaffeineWarnLogger - Spring Cloud LoadBalancer is currently working with the default cache. While this cache implementation is useful for development and tests, it's recommended to use Caffeine cache in production.You can switch to using Caffeine cache, by adding it and org.springframework.cache.caffeine.CaffeineCacheManager to the classpath.
2024-02-26T12:31:51,287 WARN  org.springframework.core.LocalVariableTableParameterNameDiscoverer - Using deprecated '-debug' fallback for parameter name resolution. Compile the affected code with '-parameters' instead or avoid its introspection: org.springframework.amqp.rabbit.core.RabbitAdmin
2024-02-26T12:31:51,400 INFO  org.springframework.cloud.netflix.eureka.InstanceInfoFactory - Setting initial instance status as: STARTING
2024-02-26T12:31:51,450 INFO  com.netflix.discovery.DiscoveryClient - Initializing Eureka in region us-east-1
2024-02-26T12:31:51,458 INFO  com.netflix.discovery.shared.resolver.aws.ConfigClusterResolver - Resolving eureka endpoints via configuration
2024-02-26T12:31:51,488 INFO  com.netflix.discovery.DiscoveryClient - Disable delta property : false
2024-02-26T12:31:51,488 INFO  com.netflix.discovery.DiscoveryClient - Single vip registry refresh property : null
2024-02-26T12:31:51,488 INFO  com.netflix.discovery.DiscoveryClient - Force full registry fetch : false
2024-02-26T12:31:51,488 INFO  com.netflix.discovery.DiscoveryClient - Application is null : false
2024-02-26T12:31:51,489 INFO  com.netflix.discovery.DiscoveryClient - Registered Applications size is zero : true
2024-02-26T12:31:51,489 INFO  com.netflix.discovery.DiscoveryClient - Application version is -1: true
2024-02-26T12:31:51,489 INFO  com.netflix.discovery.DiscoveryClient - Getting all instance registry info from the eureka server
2024-02-26T12:31:51,697 INFO  com.netflix.discovery.DiscoveryClient - The response status is 200
2024-02-26T12:31:51,701 INFO  com.netflix.discovery.DiscoveryClient - Starting heartbeat executor: renew interval is: 30
2024-02-26T12:31:51,705 INFO  com.netflix.discovery.InstanceInfoReplicator - InstanceInfoReplicator onDemand update allowed rate per min is 4
2024-02-26T12:31:51,712 INFO  com.netflix.discovery.DiscoveryClient - Discovery Client initialized at timestamp 1708950711712 with initial instances count: 2
2024-02-26T12:31:51,718 INFO  org.springframework.cloud.netflix.eureka.serviceregistry.EurekaServiceRegistry - Registering application PAYMENT-SERVICE with eureka with status UP
2024-02-26T12:31:51,719 INFO  com.netflix.discovery.DiscoveryClient - Saw local status change event StatusChangeEvent [timestamp=1708950711719, current=UP, previous=STARTING]
2024-02-26T12:31:51,722 INFO  com.netflix.discovery.DiscoveryClient - DiscoveryClient_PAYMENT-SERVICE/192.168.1.6:payment-service:8300: registering service...
2024-02-26T12:31:51,726 INFO  org.apache.coyote.http11.Http11NioProtocol - Starting ProtocolHandler ["http-nio-8300"]
2024-02-26T12:31:51,751 INFO  org.springframework.boot.web.embedded.tomcat.TomcatWebServer - Tomcat started on port(s): 8300 (http) with context path ''
2024-02-26T12:31:51,753 INFO  org.springframework.cloud.netflix.eureka.serviceregistry.EurekaAutoServiceRegistration - Updating port to 8300
2024-02-26T12:31:51,782 INFO  com.netflix.discovery.DiscoveryClient - DiscoveryClient_PAYMENT-SERVICE/192.168.1.6:payment-service:8300 - registration status: 204
2024-02-26T12:31:51,835 INFO  org.springframework.amqp.rabbit.connection.CachingConnectionFactory - Attempting to connect to: [localhost:5672]
2024-02-26T12:31:51,902 INFO  org.springframework.amqp.rabbit.connection.CachingConnectionFactory - Created new connection: rabbitConnectionFactory#64a009e7:0/SimpleConnection@735b2605 [delegate=amqp://user@127.0.0.1:5672/, localPort=56634]
2024-02-26T12:31:52,002 INFO  com.gustavo.paymentservice.PaymentServiceApplication - Started PaymentServiceApplication in 12.229 seconds (process running for 13.898)
2024-02-26T12:31:52,824 INFO  org.apache.catalina.core.ContainerBase.[Tomcat].[localhost].[/] - Initializing Spring DispatcherServlet 'dispatcherServlet'
2024-02-26T12:31:52,824 INFO  org.springframework.web.servlet.DispatcherServlet - Initializing Servlet 'dispatcherServlet'
2024-02-26T12:31:52,827 INFO  org.springframework.web.servlet.DispatcherServlet - Completed initialization in 3 ms
2024-02-26T12:36:51,492 INFO  com.netflix.discovery.shared.resolver.aws.ConfigClusterResolver - Resolving eureka endpoints via configuration
2024-02-26T12:37:13,899 INFO  org.springframework.boot.admin.SpringApplicationAdminMXBeanRegistrar$SpringApplicationAdmin - Application shutdown requested.
2024-02-26T12:37:13,900 INFO  org.springframework.cloud.netflix.eureka.serviceregistry.EurekaServiceRegistry - Unregistering application PAYMENT-SERVICE with eureka with status DOWN
2024-02-26T12:37:13,901 INFO  com.netflix.discovery.DiscoveryClient - Saw local status change event StatusChangeEvent [timestamp=1708951033901, current=DOWN, previous=UP]
2024-02-26T12:37:13,901 INFO  com.netflix.discovery.DiscoveryClient - DiscoveryClient_PAYMENT-SERVICE/192.168.1.6:payment-service:8300: registering service...
2024-02-26T12:37:13,907 INFO  com.netflix.discovery.DiscoveryClient - DiscoveryClient_PAYMENT-SERVICE/192.168.1.6:payment-service:8300 - registration status: 204
2024-02-26T12:37:13,908 INFO  org.springframework.amqp.rabbit.listener.SimpleMessageListenerContainer - Waiting for workers to finish.
2024-02-26T12:37:14,041 INFO  org.springframework.amqp.rabbit.listener.SimpleMessageListenerContainer - Successfully waited for workers to finish.
2024-02-26T12:37:14,047 INFO  org.apache.coyote.http11.Http11NioProtocol - Pausing ProtocolHandler ["http-nio-8300"]
2024-02-26T12:37:14,048 INFO  org.apache.catalina.core.StandardService - Stopping service [Tomcat]
2024-02-26T12:37:14,050 INFO  org.apache.catalina.core.ContainerBase.[Tomcat].[localhost].[/] - Destroying Spring FrameworkServlet 'dispatcherServlet'
2024-02-26T12:37:14,054 INFO  org.apache.coyote.http11.Http11NioProtocol - Stopping ProtocolHandler ["http-nio-8300"]
2024-02-26T12:37:14,057 INFO  org.apache.coyote.http11.Http11NioProtocol - Destroying ProtocolHandler ["http-nio-8300"]
2024-02-26T12:37:14,086 INFO  org.springframework.orm.jpa.LocalContainerEntityManagerFactoryBean - Closing JPA EntityManagerFactory for persistence unit 'default'
2024-02-26T12:37:14,281 INFO  com.zaxxer.hikari.HikariDataSource - HikariPool-1 - Shutdown initiated...
2024-02-26T12:37:14,289 INFO  com.zaxxer.hikari.HikariDataSource - HikariPool-1 - Shutdown completed.
2024-02-26T12:37:15,290 INFO  com.netflix.discovery.DiscoveryClient - Shutting down DiscoveryClient ...
2024-02-26T12:37:18,293 INFO  com.netflix.discovery.DiscoveryClient - Unregistering ...
2024-02-26T12:37:18,297 INFO  com.netflix.discovery.DiscoveryClient - DiscoveryClient_PAYMENT-SERVICE/192.168.1.6:payment-service:8300 - deregister  status: 200
2024-02-26T12:37:18,303 INFO  com.netflix.discovery.DiscoveryClient - Completed shut down of DiscoveryClient
